# JRE version: OpenJDK Runtime Environment (8.0_302-b08) (build 1.8.0_302-b08)
# Java VM: OpenJDK 64-Bit Server VM (25.302-b08 mixed mode windows-amd64 compressed oops)
Heap:
 PSYoungGen      total 222720K, used 191938K [0x0000000760000000, 0x000000076f780000, 0x00000007c0000000)
  eden space 208384K, 85% used [0x0000000760000000,0x000000076aeb3c30,0x000000076cb80000)
  from space 14336K, 90% used [0x000000076cb80000,0x000000076d83cea0,0x000000076d980000)
  to   space 14848K, 0% used [0x000000076d980000,0x000000076d980000,0x000000076e800000)
 ParOldGen       total 150016K, used 15096K [0x00000006a0000000, 0x00000006a9280000, 0x0000000760000000)
  object space 150016K, 10% used [0x00000006a0000000,0x00000006a0ebe158,0x00000006a9280000)
 Metaspace       used 54660K, capacity 56870K, committed 57088K, reserved 1097728K
  class space    used 7458K, capacity 7933K, committed 7936K, reserved 1048576K
GC Heap History (10 events):
Event: 3.767 GC heap before
{Heap before GC invocations=5 (full 1):
 PSYoungGen      total 141824K, used 8643K [0x0000000760000000, 0x0000000769500000, 0x00000007c0000000)
  eden space 131072K, 0% used [0x0000000760000000,0x0000000760000000,0x0000000768000000)
  from space 10752K, 80% used [0x0000000768a80000,0x00000007692f0cb8,0x0000000769500000)
  to   space 10752K, 0% used [0x0000000768000000,0x0000000768000000,0x0000000768a80000)
 ParOldGen       total 175104K, used 562K [0x00000006a0000000, 0x00000006aab00000, 0x0000000760000000)
  object space 175104K, 0% used [0x00000006a0000000,0x00000006a008c9f8,0x00000006aab00000)
 Metaspace       used 20489K, capacity 21142K, committed 21296K, reserved 1067008K
  class space    used 3003K, capacity 3191K, committed 3200K, reserved 1048576K
Event: 3.808 GC heap after
Heap after GC invocations=5 (full 1):
 PSYoungGen      total 141824K, used 0K [0x0000000760000000, 0x0000000769500000, 0x00000007c0000000)
  eden space 131072K, 0% used [0x0000000760000000,0x0000000760000000,0x0000000768000000)
  from space 10752K, 0% used [0x0000000768a80000,0x0000000768a80000,0x0000000769500000)
  to   space 10752K, 0% used [0x0000000768000000,0x0000000768000000,0x0000000768a80000)
 ParOldGen       total 100352K, used 8518K [0x00000006a0000000, 0x00000006a6200000, 0x0000000760000000)
  object space 100352K, 8% used [0x00000006a0000000,0x00000006a0851b00,0x00000006a6200000)
 Metaspace       used 20489K, capacity 21142K, committed 21296K, reserved 1067008K
  class space    used 3003K, capacity 3191K, committed 3200K, reserved 1048576K
}
Event: 5.767 GC heap before
{Heap before GC invocations=6 (full 1):
 PSYoungGen      total 141824K, used 131072K [0x0000000760000000, 0x0000000769500000, 0x00000007c0000000)
  eden space 131072K, 100% used [0x0000000760000000,0x0000000768000000,0x0000000768000000)
  from space 10752K, 0% used [0x0000000768a80000,0x0000000768a80000,0x0000000769500000)
  to   space 10752K, 0% used [0x0000000768000000,0x0000000768000000,0x0000000768a80000)
 ParOldGen       total 100352K, used 8518K [0x00000006a0000000, 0x00000006a6200000, 0x0000000760000000)
  object space 100352K, 8% used [0x00000006a0000000,0x00000006a0851b00,0x00000006a6200000)
 Metaspace       used 33166K, capacity 34236K, committed 34304K, reserved 1079296K
  class space    used 4619K, capacity 4861K, committed 4864K, reserved 1048576K
Event: 5.787 GC heap after
Heap after GC invocations=6 (full 1):
 PSYoungGen      total 141824K, used 10741K [0x0000000760000000, 0x000000076e800000, 0x00000007c0000000)
  eden space 131072K, 0% used [0x0000000760000000,0x0000000760000000,0x0000000768000000)
  from space 10752K, 99% used [0x0000000768000000,0x0000000768a7d4f0,0x0000000768a80000)
  to   space 14848K, 0% used [0x000000076d980000,0x000000076d980000,0x000000076e800000)
 ParOldGen       total 100352K, used 11425K [0x00000006a0000000, 0x00000006a6200000, 0x0000000760000000)
  object space 100352K, 11% used [0x00000006a0000000,0x00000006a0b286a8,0x00000006a6200000)
 Metaspace       used 33166K, capacity 34236K, committed 34304K, reserved 1079296K
  class space    used 4619K, capacity 4861K, committed 4864K, reserved 1048576K
}
Event: 6.075 GC heap before
{Heap before GC invocations=7 (full 1):
 PSYoungGen      total 141824K, used 42233K [0x0000000760000000, 0x000000076e800000, 0x00000007c0000000)
  eden space 131072K, 24% used [0x0000000760000000,0x0000000761ec10f0,0x0000000768000000)
  from space 10752K, 99% used [0x0000000768000000,0x0000000768a7d4f0,0x0000000768a80000)
  to   space 14848K, 0% used [0x000000076d980000,0x000000076d980000,0x000000076e800000)
 ParOldGen       total 100352K, used 11425K [0x00000006a0000000, 0x00000006a6200000, 0x0000000760000000)
  object space 100352K, 11% used [0x00000006a0000000,0x00000006a0b286a8,0x00000006a6200000)
 Metaspace       used 34345K, capacity 35414K, committed 35496K, reserved 1079296K
  class space    used 4800K, capacity 5038K, committed 5120K, reserved 1048576K
Event: 6.094 GC heap after
Heap after GC invocations=7 (full 1):
 PSYoungGen      total 223232K, used 8140K [0x0000000760000000, 0x000000076f780000, 0x00000007c0000000)
  eden space 208384K, 0% used [0x0000000760000000,0x0000000760000000,0x000000076cb80000)
  from space 14848K, 54% used [0x000000076d980000,0x000000076e173268,0x000000076e800000)
  to   space 14336K, 0% used [0x000000076cb80000,0x000000076cb80000,0x000000076d980000)
 ParOldGen       total 100352K, used 11433K [0x00000006a0000000, 0x00000006a6200000, 0x0000000760000000)
  object space 100352K, 11% used [0x00000006a0000000,0x00000006a0b2a6a8,0x00000006a6200000)
 Metaspace       used 34345K, capacity 35414K, committed 35496K, reserved 1079296K
  class space    used 4800K, capacity 5038K, committed 5120K, reserved 1048576K
}
Event: 6.094 GC heap before
{Heap before GC invocations=8 (full 2):
 PSYoungGen      total 223232K, used 8140K [0x0000000760000000, 0x000000076f780000, 0x00000007c0000000)
  eden space 208384K, 0% used [0x0000000760000000,0x0000000760000000,0x000000076cb80000)
  from space 14848K, 54% used [0x000000076d980000,0x000000076e173268,0x000000076e800000)
  to   space 14336K, 0% used [0x000000076cb80000,0x000000076cb80000,0x000000076d980000)
 ParOldGen       total 100352K, used 11433K [0x00000006a0000000, 0x00000006a6200000, 0x0000000760000000)
  object space 100352K, 11% used [0x00000006a0000000,0x00000006a0b2a6a8,0x00000006a6200000)
 Metaspace       used 34345K, capacity 35414K, committed 35496K, reserved 1079296K
  class space    used 4800K, capacity 5038K, committed 5120K, reserved 1048576K
Event: 6.173 GC heap after
Heap after GC invocations=8 (full 2):
 PSYoungGen      total 223232K, used 0K [0x0000000760000000, 0x000000076f780000, 0x00000007c0000000)
  eden space 208384K, 0% used [0x0000000760000000,0x0000000760000000,0x000000076cb80000)
  from space 14848K, 0% used [0x000000076d980000,0x000000076d980000,0x000000076e800000)
  to   space 14336K, 0% used [0x000000076cb80000,0x000000076cb80000,0x000000076d980000)
 ParOldGen       total 150016K, used 15088K [0x00000006a0000000, 0x00000006a9280000, 0x0000000760000000)
  object space 150016K, 10% used [0x00000006a0000000,0x00000006a0ebc158,0x00000006a9280000)
 Metaspace       used 34345K, capacity 35414K, committed 35496K, reserved 1079296K
  class space    used 4800K, capacity 5038K, committed 5120K, reserved 1048576K
}
Event: 14.260 GC heap before
{Heap before GC invocations=9 (full 2):
 PSYoungGen      total 223232K, used 208384K [0x0000000760000000, 0x000000076f780000, 0x00000007c0000000)
  eden space 208384K, 100% used [0x0000000760000000,0x000000076cb80000,0x000000076cb80000)
  from space 14848K, 0% used [0x000000076d980000,0x000000076d980000,0x000000076e800000)
  to   space 14336K, 0% used [0x000000076cb80000,0x000000076cb80000,0x000000076d980000)
 ParOldGen       total 150016K, used 15088K [0x00000006a0000000, 0x00000006a9280000, 0x0000000760000000)
  object space 150016K, 10% used [0x00000006a0000000,0x00000006a0ebc158,0x00000006a9280000)
 Metaspace       used 39325K, capacity 41154K, committed 41344K, reserved 1085440K
  class space    used 5533K, capacity 5925K, committed 6016K, reserved 1048576K
Event: 14.275 GC heap after
Heap after GC invocations=9 (full 2):
 PSYoungGen      total 222720K, used 13043K [0x0000000760000000, 0x000000076f780000, 0x00000007c0000000)
  eden space 208384K, 0% used [0x0000000760000000,0x0000000760000000,0x000000076cb80000)
  from space 14336K, 90% used [0x000000076cb80000,0x000000076d83cea0,0x000000076d980000)
  to   space 14848K, 0% used [0x000000076d980000,0x000000076d980000,0x000000076e800000)
 ParOldGen       total 150016K, used 15096K [0x00000006a0000000, 0x00000006a9280000, 0x0000000760000000)
  object space 150016K, 10% used [0x00000006a0000000,0x00000006a0ebe158,0x00000006a9280000)
 Metaspace       used 39325K, capacity 41154K, committed 41344K, reserved 1085440K
  class space    used 5533K, capacity 5925K, committed 6016K, reserved 1048576K
}

